<?xml version="1.0" encoding="UTF-8"?>
<!-- Generated by org.testng.reporters.JUnitXMLReporter -->
<testsuite ignored="11" hostname="DESKTOP-U7P9US7" failures="1" tests="1" name="Default test" time="65.814" errors="0" timestamp="2024-03-29T16:20:16 EET">
  <testcase classname="maven_package.facebook.TestCasesNG" name="check_forgott_Password_functionality_login" time="65.759">
    <failure type="org.openqa.selenium.TimeoutException" message="Expected condition failed: waiting for element to be clickable: By.xpath: /html/body/div[1]/div[1]/div[1]/div/div[2]/form/div/div[3]/div/div[1]/button (tried for 40 second(s) with 500 milliseconds interval)
Build info: version: &amp;apos;4.1.2&amp;apos;, revision: &amp;apos;9a5a329c5a&amp;apos;
System info: host: &amp;apos;DESKTOP-U7P9US7&amp;apos;, ip: &amp;apos;192.168.1.11&amp;apos;, os.name: &amp;apos;Windows 10&amp;apos;, os.arch: &amp;apos;amd64&amp;apos;, os.version: &amp;apos;10.0&amp;apos;, java.version: &amp;apos;17.0.2&amp;apos;
Driver info: org.openqa.selenium.firefox.FirefoxDriver
Capabilities {acceptInsecureCerts: true, browserName: firefox, browserVersion: 124.0, javascriptEnabled: true, moz:accessibilityChecks: false, moz:buildID: 20240311145044, moz:debuggerAddress: 127.0.0.1:61169, moz:geckodriverVersion: 0.30.0, moz:headless: false, moz:platformVersion: 10.0, moz:processID: 17332, moz:profile: C:\Users\Mohamed\AppData\Lo..., moz:shutdownTimeout: 60000, moz:webdriverClick: true, moz:windowless: false, pageLoadStrategy: normal, platform: WINDOWS, platformName: WINDOWS, proxy: Proxy(), se:cdp: ws://127.0.0.1:61169/devtoo..., se:cdpVersion: 85.0, setWindowRect: true, strictFileInteractability: false, timeouts: {implicit: 0, pageLoad: 300000, script: 30000}, unhandledPromptBehavior: dismiss and notify}
Session ID: dd0970fc-b761-41d6-b9f7-90d6a4982e38">
      <![CDATA[org.openqa.selenium.TimeoutException: Expected condition failed: waiting for element to be clickable: By.xpath: /html/body/div[1]/div[1]/div[1]/div/div[2]/form/div/div[3]/div/div[1]/button (tried for 40 second(s) with 500 milliseconds interval)
Build info: version: '4.1.2', revision: '9a5a329c5a'
System info: host: 'DESKTOP-U7P9US7', ip: '192.168.1.11', os.name: 'Windows 10', os.arch: 'amd64', os.version: '10.0', java.version: '17.0.2'
Driver info: org.openqa.selenium.firefox.FirefoxDriver
Capabilities {acceptInsecureCerts: true, browserName: firefox, browserVersion: 124.0, javascriptEnabled: true, moz:accessibilityChecks: false, moz:buildID: 20240311145044, moz:debuggerAddress: 127.0.0.1:61169, moz:geckodriverVersion: 0.30.0, moz:headless: false, moz:platformVersion: 10.0, moz:processID: 17332, moz:profile: C:\Users\Mohamed\AppData\Lo..., moz:shutdownTimeout: 60000, moz:webdriverClick: true, moz:windowless: false, pageLoadStrategy: normal, platform: WINDOWS, platformName: WINDOWS, proxy: Proxy(), se:cdp: ws://127.0.0.1:61169/devtoo..., se:cdpVersion: 85.0, setWindowRect: true, strictFileInteractability: false, timeouts: {implicit: 0, pageLoad: 300000, script: 30000}, unhandledPromptBehavior: dismiss and notify}
Session ID: dd0970fc-b761-41d6-b9f7-90d6a4982e38
at org.openqa.selenium.support.ui.WebDriverWait.timeoutException(WebDriverWait.java:138)
at org.openqa.selenium.support.ui.FluentWait.until(FluentWait.java:231)
at maven_package.facebook.TestCasesNG.check_forgott_Password_functionality_login(TestCasesNG.java:565)
at java.base/jdk.internal.reflect.NativeMethodAccessorImpl.invoke0(Native Method)
at java.base/jdk.internal.reflect.NativeMethodAccessorImpl.invoke(NativeMethodAccessorImpl.java:77)
at java.base/jdk.internal.reflect.DelegatingMethodAccessorImpl.invoke(DelegatingMethodAccessorImpl.java:43)
at java.base/java.lang.reflect.Method.invoke(Method.java:568)
at org.testng.internal.MethodInvocationHelper.invokeMethod(MethodInvocationHelper.java:133)
at org.testng.internal.TestInvoker.invokeMethod(TestInvoker.java:598)
at org.testng.internal.TestInvoker.invokeTestMethod(TestInvoker.java:173)
at org.testng.internal.MethodRunner.runInSequence(MethodRunner.java:46)
at org.testng.internal.TestInvoker$MethodInvocationAgent.invoke(TestInvoker.java:824)
at org.testng.internal.TestInvoker.invokeTestMethods(TestInvoker.java:146)
at org.testng.internal.TestMethodWorker.invokeTestMethods(TestMethodWorker.java:146)
at org.testng.internal.TestMethodWorker.run(TestMethodWorker.java:128)
at java.base/java.util.ArrayList.forEach(ArrayList.java:1511)
at org.testng.TestRunner.privateRun(TestRunner.java:794)
at org.testng.TestRunner.run(TestRunner.java:596)
at org.testng.SuiteRunner.runTest(SuiteRunner.java:377)
at org.testng.SuiteRunner.runSequentially(SuiteRunner.java:371)
at org.testng.SuiteRunner.privateRun(SuiteRunner.java:332)
at org.testng.SuiteRunner.run(SuiteRunner.java:276)
at org.testng.SuiteRunnerWorker.runSuite(SuiteRunnerWorker.java:53)
at org.testng.SuiteRunnerWorker.run(SuiteRunnerWorker.java:96)
at org.testng.TestNG.runSuitesSequentially(TestNG.java:1212)
at org.testng.TestNG.runSuitesLocally(TestNG.java:1134)
at org.testng.TestNG.runSuites(TestNG.java:1063)
at org.testng.TestNG.run(TestNG.java:1031)
at org.testng.remote.AbstractRemoteTestNG.run(AbstractRemoteTestNG.java:115)
at org.testng.remote.RemoteTestNG.initAndRun(RemoteTestNG.java:251)
at org.testng.remote.RemoteTestNG.main(RemoteTestNG.java:77)
]]>
    </failure>
  </testcase> <!-- check_forgott_Password_functionality_login -->
  <testcase classname="maven_package.facebook.TestCasesNG" name="black_password_login" time="0.0">
    <ignored/>
  </testcase> <!-- black_password_login -->
  <testcase classname="maven_package.facebook.TestCasesNG" name="invalid_password_login" time="0.0">
    <ignored/>
  </testcase> <!-- invalid_password_login -->
  <testcase classname="maven_package.facebook.TestCasesNG" name="valid_phonenum_password_login" time="0.0">
    <ignored/>
  </testcase> <!-- valid_phonenum_password_login -->
  <testcase classname="maven_package.facebook.TestCasesNG" name="invalid_phonenum_password_login" time="0.0">
    <ignored/>
  </testcase> <!-- invalid_phonenum_password_login -->
  <testcase classname="maven_package.facebook.TestCasesNG" name="invalid_emailpassword_login" time="0.0">
    <ignored/>
  </testcase> <!-- invalid_emailpassword_login -->
  <testcase classname="maven_package.facebook.TestCasesNG" name="valid_email_password_login" time="0.0">
    <ignored/>
  </testcase> <!-- valid_email_password_login -->
  <testcase classname="maven_package.facebook.TestCasesNG" name="valid_phonenum_login" time="0.0">
    <ignored/>
  </testcase> <!-- valid_phonenum_login -->
  <testcase classname="maven_package.facebook.TestCasesNG" name="blank_emailpassword_login" time="0.0">
    <ignored/>
  </testcase> <!-- blank_emailpassword_login -->
  <testcase classname="maven_package.facebook.TestCasesNG" name="invalid_email_login" time="0.0">
    <ignored/>
  </testcase> <!-- invalid_email_login -->
  <testcase classname="maven_package.facebook.TestCasesNG" name="invalid_phonenum_login" time="0.0">
    <ignored/>
  </testcase> <!-- invalid_phonenum_login -->
  <testcase classname="maven_package.facebook.TestCasesNG" name="blank_email_login" time="0.0">
    <ignored/>
  </testcase> <!-- blank_email_login -->
</testsuite> <!-- Default test -->
